<?xml version="1.0" encoding="UTF-8"?>
<coverage generated="1738838256786" clover="3.2.0">
  <project timestamp="1738838256786" name="All files">
    <metrics statements="14" coveredstatements="14" conditionals="5" coveredconditionals="5" methods="7" coveredmethods="7" elements="26" coveredelements="26" complexity="0" loc="14" ncloc="14" packages="2" files="2" classes="2"/>
    <package name="src">
      <metrics statements="2" coveredstatements="2" conditionals="0" coveredconditionals="0" methods="0" coveredmethods="0"/>
      <file name="index.ts" path="E:\web\Personal\encode\react-use\packages\hooks\src\index.ts">
        <metrics statements="2" coveredstatements="2" conditionals="0" coveredconditionals="0" methods="0" coveredmethods="0"/>
        <line num="1" count="1" type="stmt"/>
        <line num="3" count="1" type="stmt"/>
      </file>
    </package>
    <package name="src.useToggle">
      <metrics statements="12" coveredstatements="12" conditionals="5" coveredconditionals="5" methods="7" coveredmethods="7"/>
      <file name="index.ts" path="E:\web\Personal\encode\react-use\packages\hooks\src\useToggle\index.ts">
        <metrics statements="12" coveredstatements="12" conditionals="5" coveredconditionals="5" methods="7" coveredmethods="7"/>
        <line num="1" count="2" type="stmt"/>
        <line num="16" count="8" type="cond" truecount="1" falsecount="0"/>
        <line num="17" count="7" type="stmt"/>
        <line num="19" count="7" type="stmt"/>
        <line num="20" count="2" type="cond" truecount="2" falsecount="0"/>
        <line num="22" count="2" type="cond" truecount="2" falsecount="0"/>
        <line num="24" count="2" type="stmt"/>
        <line num="26" count="2" type="stmt"/>
        <line num="28" count="2" type="stmt"/>
        <line num="30" count="2" type="stmt"/>
        <line num="38" count="7" type="stmt"/>
        <line num="41" count="2" type="stmt"/>
      </file>
    </package>
  </project>
</coverage>
