{"E:\\web\\1chen1y1111\\react-use\\packages\\hooks\\src\\index.ts": {"path":"E:\\web\\1chen1y1111\\react-use\\packages\\hooks\\src\\index.ts","statementMap":{"0":{"start":{"line":1,"column":0},"end":{"line":1,"column":7}},"1":{"start":{"line":4,"column":9},"end":{"line":1,"column":36}},"2":{"start":{"line":2,"column":0},"end":{"line":2,"column":7}},"3":{"start":{"line":4,"column":20},"end":{"line":2,"column":38}}},"fnMap":{},"branchMap":{},"s":{"0":1,"1":1,"2":1,"3":1},"f":{},"b":{}}
,"E:\\web\\1chen1y1111\\react-use\\packages\\hooks\\src\\useBoolean\\index.ts": {"path":"E:\\web\\1chen1y1111\\react-use\\packages\\hooks\\src\\useBoolean\\index.ts","statementMap":{"0":{"start":{"line":1,"column":0},"end":{"line":1,"column":32}},"1":{"start":{"line":3,"column":0},"end":{"line":3,"column":37}},"2":{"start":{"line":12,"column":20},"end":{"line":12,"column":null}},"3":{"start":{"line":13,"column":8},"end":{"line":13,"column":59}},"4":{"start":{"line":13,"column":14},"end":{"line":13,"column":16}},"5":{"start":{"line":13,"column":16},"end":{"line":13,"column":18}},"6":{"start":{"line":13,"column":24},"end":{"line":13,"column":26}},"7":{"start":{"line":13,"column":29},"end":{"line":13,"column":31}},"8":{"start":{"line":15,"column":27},"end":{"line":20,"column":8}},"9":{"start":{"line":16,"column":20},"end":{"line":16,"column":29}},"10":{"start":{"line":16,"column":26},"end":{"line":16,"column":36}},"11":{"start":{"line":17,"column":21},"end":{"line":17,"column":30}},"12":{"start":{"line":17,"column":27},"end":{"line":17,"column":38}},"13":{"start":{"line":19,"column":4},"end":{"line":19,"column":70}},"14":{"start":{"line":19,"column":34},"end":{"line":19,"column":42}},"15":{"start":{"line":22,"column":2},"end":{"line":22,"column":26}},"16":{"start":{"line":25,"column":0},"end":{"line":25,"column":26}}},"fnMap":{"0":{"name":"useBoolean","decl":{"start":{"line":12,"column":9},"end":{"line":12,"column":19}},"loc":{"start":{"line":12,"column":49},"end":{"line":23,"column":1}}},"1":{"name":"(anonymous_1)","decl":{"start":{"line":15,"column":35},"end":{"line":15,"column":null}},"loc":{"start":{"line":15,"column":35},"end":{"line":20,"column":3}}},"2":{"name":"(anonymous_2)","decl":{"start":{"line":16,"column":20},"end":{"line":16,"column":26}},"loc":{"start":{"line":16,"column":20},"end":{"line":16,"column":29}}},"3":{"name":"(anonymous_3)","decl":{"start":{"line":17,"column":21},"end":{"line":17,"column":27}},"loc":{"start":{"line":17,"column":21},"end":{"line":17,"column":30}}},"4":{"name":"(anonymous_4)","decl":{"start":{"line":19,"column":18},"end":{"line":19,"column":19}},"loc":{"start":{"line":19,"column":29},"end":{"line":19,"column":37}}}},"branchMap":{"0":{"loc":{"start":{"line":12,"column":20},"end":{"line":12,"column":null}},"type":"if","locations":[{"start":{"line":12,"column":20},"end":{"line":12,"column":null}}]}},"s":{"0":2,"1":2,"2":18,"3":10,"4":10,"5":10,"6":10,"7":10,"8":10,"9":4,"10":1,"11":4,"12":1,"13":4,"14":2,"15":10,"16":2},"f":{"0":10,"1":4,"2":1,"3":1,"4":2},"b":{"0":[8]}}
,"E:\\web\\1chen1y1111\\react-use\\packages\\hooks\\src\\useToggle\\index.ts": {"path":"E:\\web\\1chen1y1111\\react-use\\packages\\hooks\\src\\useToggle\\index.ts","statementMap":{"0":{"start":{"line":1,"column":0},"end":{"line":1,"column":42}},"1":{"start":{"line":16,"column":25},"end":{"line":16,"column":66}},"2":{"start":{"line":17,"column":8},"end":{"line":17,"column":58}},"3":{"start":{"line":17,"column":14},"end":{"line":17,"column":16}},"4":{"start":{"line":17,"column":24},"end":{"line":17,"column":28}},"5":{"start":{"line":19,"column":18},"end":{"line":36,"column":8}},"6":{"start":{"line":20,"column":31},"end":{"line":20,"column":88}},"7":{"start":{"line":22,"column":19},"end":{"line":22,"column":33}},"8":{"start":{"line":22,"column":25},"end":{"line":22,"column":99}},"9":{"start":{"line":22,"column":41},"end":{"line":22,"column":98}},"10":{"start":{"line":24,"column":16},"end":{"line":24,"column":42}},"11":{"start":{"line":24,"column":34},"end":{"line":24,"column":50}},"12":{"start":{"line":26,"column":20},"end":{"line":26,"column":34}},"13":{"start":{"line":26,"column":26},"end":{"line":26,"column":49}},"14":{"start":{"line":28,"column":21},"end":{"line":28,"column":35}},"15":{"start":{"line":28,"column":27},"end":{"line":28,"column":56}},"16":{"start":{"line":30,"column":4},"end":{"line":35,"column":6}},"17":{"start":{"line":38,"column":2},"end":{"line":38,"column":26}},"18":{"start":{"line":41,"column":0},"end":{"line":41,"column":25}}},"fnMap":{"0":{"name":"useToggle","decl":{"start":{"line":16,"column":9},"end":{"line":16,"column":18}},"loc":{"start":{"line":16,"column":82},"end":{"line":39,"column":1}}},"1":{"name":"(anonymous_1)","decl":{"start":{"line":19,"column":26},"end":{"line":19,"column":null}},"loc":{"start":{"line":19,"column":26},"end":{"line":36,"column":3}}},"2":{"name":"(anonymous_2)","decl":{"start":{"line":22,"column":19},"end":{"line":22,"column":25}},"loc":{"start":{"line":22,"column":19},"end":{"line":22,"column":33}}},"3":{"name":"(anonymous_3)","decl":{"start":{"line":22,"column":34},"end":{"line":22,"column":35}},"loc":{"start":{"line":22,"column":36},"end":{"line":22,"column":42}}},"4":{"name":"(anonymous_4)","decl":{"start":{"line":24,"column":16},"end":{"line":24,"column":17}},"loc":{"start":{"line":24,"column":29},"end":{"line":24,"column":42}}},"5":{"name":"(anonymous_5)","decl":{"start":{"line":26,"column":20},"end":{"line":26,"column":26}},"loc":{"start":{"line":26,"column":20},"end":{"line":26,"column":34}}},"6":{"name":"(anonymous_6)","decl":{"start":{"line":28,"column":21},"end":{"line":28,"column":27}},"loc":{"start":{"line":28,"column":21},"end":{"line":28,"column":35}}}},"branchMap":{"0":{"loc":{"start":{"line":16,"column":25},"end":{"line":16,"column":66}},"type":"if","locations":[{"start":{"line":16,"column":25},"end":{"line":16,"column":66}}]},"1":{"loc":{"start":{"line":20,"column":31},"end":{"line":20,"column":88}},"type":"cond-expr","locations":[{"start":{"line":20,"column":60},"end":{"line":20,"column":73}},{"start":{"line":20,"column":76},"end":{"line":20,"column":88}}]},"2":{"loc":{"start":{"line":22,"column":42},"end":{"line":22,"column":96}},"type":"cond-expr","locations":[{"start":{"line":22,"column":63},"end":{"line":22,"column":81}},{"start":{"line":22,"column":84},"end":{"line":22,"column":96}}]}},"s":{"0":3,"1":18,"2":17,"3":17,"4":17,"5":17,"6":6,"7":6,"8":4,"9":4,"10":6,"11":5,"12":6,"13":1,"14":6,"15":1,"16":6,"17":17,"18":3},"f":{"0":17,"1":6,"2":4,"3":4,"4":5,"5":1,"6":1},"b":{"0":[1],"1":[5,1],"2":[2,2]}}
}
