{"E:\\web\\Personal\\encode\\cy-hooks\\packages\\hooks\\src\\index.ts": {"path":"E:\\web\\Personal\\encode\\cy-hooks\\packages\\hooks\\src\\index.ts","statementMap":{"0":{"start":{"line":1,"column":0},"end":{"line":1,"column":7}},"1":{"start":{"line":3,"column":9},"end":{"line":1,"column":36}}},"fnMap":{},"branchMap":{},"s":{"0":1,"1":1},"f":{},"b":{}}
,"E:\\web\\Personal\\encode\\cy-hooks\\packages\\hooks\\src\\useToggle\\index.ts": {"path":"E:\\web\\Personal\\encode\\cy-hooks\\packages\\hooks\\src\\useToggle\\index.ts","statementMap":{"0":{"start":{"line":1,"column":0},"end":{"line":1,"column":42}},"1":{"start":{"line":16,"column":25},"end":{"line":16,"column":66}},"2":{"start":{"line":17,"column":8},"end":{"line":17,"column":58}},"3":{"start":{"line":17,"column":14},"end":{"line":17,"column":16}},"4":{"start":{"line":17,"column":24},"end":{"line":17,"column":28}},"5":{"start":{"line":19,"column":18},"end":{"line":36,"column":8}},"6":{"start":{"line":20,"column":31},"end":{"line":20,"column":88}},"7":{"start":{"line":22,"column":19},"end":{"line":22,"column":33}},"8":{"start":{"line":22,"column":25},"end":{"line":22,"column":99}},"9":{"start":{"line":22,"column":41},"end":{"line":22,"column":98}},"10":{"start":{"line":24,"column":16},"end":{"line":24,"column":42}},"11":{"start":{"line":24,"column":34},"end":{"line":24,"column":50}},"12":{"start":{"line":26,"column":20},"end":{"line":26,"column":34}},"13":{"start":{"line":26,"column":26},"end":{"line":26,"column":49}},"14":{"start":{"line":28,"column":21},"end":{"line":28,"column":35}},"15":{"start":{"line":28,"column":27},"end":{"line":28,"column":56}},"16":{"start":{"line":30,"column":4},"end":{"line":35,"column":6}},"17":{"start":{"line":38,"column":2},"end":{"line":38,"column":26}},"18":{"start":{"line":41,"column":0},"end":{"line":41,"column":25}}},"fnMap":{"0":{"name":"useToggle","decl":{"start":{"line":16,"column":9},"end":{"line":16,"column":18}},"loc":{"start":{"line":16,"column":82},"end":{"line":39,"column":1}}},"1":{"name":"(anonymous_1)","decl":{"start":{"line":19,"column":26},"end":{"line":19,"column":null}},"loc":{"start":{"line":19,"column":26},"end":{"line":36,"column":3}}},"2":{"name":"(anonymous_2)","decl":{"start":{"line":22,"column":19},"end":{"line":22,"column":25}},"loc":{"start":{"line":22,"column":19},"end":{"line":22,"column":33}}},"3":{"name":"(anonymous_3)","decl":{"start":{"line":22,"column":34},"end":{"line":22,"column":35}},"loc":{"start":{"line":22,"column":36},"end":{"line":22,"column":42}}},"4":{"name":"(anonymous_4)","decl":{"start":{"line":24,"column":16},"end":{"line":24,"column":17}},"loc":{"start":{"line":24,"column":29},"end":{"line":24,"column":42}}},"5":{"name":"(anonymous_5)","decl":{"start":{"line":26,"column":20},"end":{"line":26,"column":26}},"loc":{"start":{"line":26,"column":20},"end":{"line":26,"column":34}}},"6":{"name":"(anonymous_6)","decl":{"start":{"line":28,"column":21},"end":{"line":28,"column":27}},"loc":{"start":{"line":28,"column":21},"end":{"line":28,"column":35}}}},"branchMap":{"0":{"loc":{"start":{"line":16,"column":25},"end":{"line":16,"column":66}},"type":"if","locations":[{"start":{"line":16,"column":25},"end":{"line":16,"column":66}}]},"1":{"loc":{"start":{"line":20,"column":31},"end":{"line":20,"column":88}},"type":"cond-expr","locations":[{"start":{"line":20,"column":60},"end":{"line":20,"column":73}},{"start":{"line":20,"column":76},"end":{"line":20,"column":88}}]},"2":{"loc":{"start":{"line":22,"column":42},"end":{"line":22,"column":96}},"type":"cond-expr","locations":[{"start":{"line":22,"column":63},"end":{"line":22,"column":81}},{"start":{"line":22,"column":84},"end":{"line":22,"column":96}}]}},"s":{"0":2,"1":8,"2":7,"3":7,"4":7,"5":7,"6":2,"7":2,"8":2,"9":2,"10":2,"11":1,"12":2,"13":1,"14":2,"15":1,"16":2,"17":7,"18":2},"f":{"0":7,"1":2,"2":2,"3":2,"4":1,"5":1,"6":1},"b":{"0":[1],"1":[1,1],"2":[1,1]}}
}
