TN:
SF:packages\hooks\src\index.ts
FNF:0
FNH:0
DA:1,1
DA:2,1
DA:4,1
LF:3
LH:3
BRF:0
BRH:0
end_of_record
TN:
SF:packages\hooks\src\useBoolean\index.ts
FN:12,useBoolean
FN:15,(anonymous_1)
FN:16,(anonymous_2)
FN:17,(anonymous_3)
FN:19,(anonymous_4)
FNF:5
FNH:5
FNDA:10,useBoolean
FNDA:4,(anonymous_1)
FNDA:1,(anonymous_2)
FNDA:1,(anonymous_3)
FNDA:2,(anonymous_4)
DA:1,2
DA:3,2
DA:12,18
DA:13,10
DA:15,10
DA:16,4
DA:17,4
DA:19,4
DA:22,10
DA:25,2
LF:10
LH:10
BRDA:12,0,0,8
BRF:1
BRH:1
end_of_record
TN:
SF:packages\hooks\src\useToggle\index.ts
FN:16,useToggle
FN:19,(anonymous_1)
FN:22,(anonymous_2)
FN:22,(anonymous_3)
FN:24,(anonymous_4)
FN:26,(anonymous_5)
FN:28,(anonymous_6)
FNF:7
FNH:7
FNDA:17,useToggle
FNDA:6,(anonymous_1)
FNDA:4,(anonymous_2)
FNDA:4,(anonymous_3)
FNDA:5,(anonymous_4)
FNDA:1,(anonymous_5)
FNDA:1,(anonymous_6)
DA:1,3
DA:16,18
DA:17,17
DA:19,17
DA:20,6
DA:22,6
DA:24,6
DA:26,6
DA:28,6
DA:30,6
DA:38,17
DA:41,3
LF:12
LH:12
BRDA:16,0,0,1
BRDA:20,1,0,5
BRDA:20,1,1,1
BRDA:22,2,0,2
BRDA:22,2,1,2
BRF:5
BRH:5
end_of_record
